time=2026-06-29T12:10:42.936+02:00 level=INFO msg="download worker spawned" worker=3
time=2026-06-29T12:10:42.936+02:00 level=INFO msg="metadata worker spawned" worker=1
time=2026-06-29T12:10:42.936+02:00 level=INFO msg="download worker spawned" worker=1
time=2026-06-29T12:10:42.936+02:00 level=INFO msg="download worker spawned" worker=4
time=2026-06-29T12:10:42.936+02:00 level=INFO msg="download worker spawned" worker=2
time=2026-06-29T12:10:42.936+02:00 level=INFO msg="published download" id=98c62f5e-0fda-4dc3-b59f-f6e8e4d9c7a2
time=2026-06-29T12:10:42.936+02:00 level=INFO msg="published download" id=cd696a78-21a9-41d4-9a3f-47b75ed0cb38
time=2026-06-29T12:10:42.936+02:00 level=INFO msg="download worker starting download" worker=1 id=cd696a78-21a9-41d4-9a3f-47b75ed0cb38
time=2026-06-29T12:10:42.936+02:00 level=INFO msg="queued for metadata" id=cd696a78-21a9-41d4-9a3f-47b75ed0cb38
time=2026-06-29T12:10:42.936+02:00 level=INFO msg="download worker starting download" worker=3 id=98c62f5e-0fda-4dc3-b59f-f6e8e4d9c7a2
time=2026-06-29T12:10:42.936+02:00 level=INFO msg="queued for metadata" id=98c62f5e-0fda-4dc3-b59f-f6e8e4d9c7a2
time=2026-06-29T12:10:42.936+02:00 level=INFO msg="requesting download" url="https://www.youtube.com/watch?v=-fZM9wOvbh0" params="[https://www.youtube.com/watch?v=-fZM9wOvbh0 --newline --no-colors --no-playlist --progress-template download:{\"eta\":%(progress.eta)s,\"percentage\":\"%(progress._percent_str)s\",\"speed\":%(progress.speed)s} --progress-template postprocess:{\"filepath\":\"%(info.filepath)s\"} --no-exec --js-runtimes deno:/home/marco/.deno/bin/deno --remote-components ejs:github -o ./downloads/%(title)s.%(ext)s -o ./downloads/%(title)s.%(ext)s]"
time=2026-06-29T12:10:42.936+02:00 level=INFO msg="metadata worker started" id=cd696a78-21a9-41d4-9a3f-47b75ed0cb38
time=2026-06-29T12:10:42.936+02:00 level=INFO msg="metadata worker started" id=cd696a78-21a9-41d4-9a3f-47b75ed0cb38
time=2026-06-29T12:10:42.936+02:00 level=INFO msg="requesting download" url="https://www.youtube.com/watch?v=-fZM9wOvbh0" params="[https://www.youtube.com/watch?v=-fZM9wOvbh0 --newline --no-colors --no-playlist --progress-template download:{\"eta\":%(progress.eta)s,\"percentage\":\"%(progress._percent_str)s\",\"speed\":%(progress.speed)s} --progress-template postprocess:{\"filepath\":\"%(info.filepath)s\"} --no-exec --js-runtimes deno:/home/marco/.deno/bin/deno --remote-components ejs:github -r 50K -o ./downloads/%(title)s.%(ext)s -o ./downloads/%(title)s.%(ext)s -o ./downloads/%(title)s.%(ext)s]"
time=2026-06-29T12:10:42.936+02:00 level=INFO msg="retrieving metadata" url="https://www.youtube.com/watch?v=-fZM9wOvbh0"
time=2026-06-29T12:10:42.945+02:00 level=INFO msg="yt-dlp-webui started" address=0.0.0.0:3033
time=2026-06-29T12:10:43.031+02:00 level=ERROR msg="yt-dlp process error" id=cd696a78-21a9-41d4-9a3f-47b75ed0cb38 url="https://www.youtube.com/watch?v=-fZM9wOvbh0" err="WARNING: Your yt-dlp version (2026.03.17) is older than 90 days!"
time=2026-06-29T12:10:43.031+02:00 level=ERROR msg="yt-dlp process error" id=cd696a78-21a9-41d4-9a3f-47b75ed0cb38 url="https://www.youtube.com/watch?v=-fZM9wOvbh0" err="         It is strongly recommended to always use the latest version."
time=2026-06-29T12:10:43.031+02:00 level=ERROR msg="yt-dlp process error" id=cd696a78-21a9-41d4-9a3f-47b75ed0cb38 url="https://www.youtube.com/watch?v=-fZM9wOvbh0" err="         As yt-dlp has been installed via apt, you should use that to update.  If you're on a stable release, also check backports.."
time=2026-06-29T12:10:43.031+02:00 level=ERROR msg="yt-dlp process error" id=cd696a78-21a9-41d4-9a3f-47b75ed0cb38 url="https://www.youtube.com/watch?v=-fZM9wOvbh0" err="         To suppress this warning, add --no-update to your command/config."
time=2026-06-29T12:10:43.033+02:00 level=ERROR msg="yt-dlp process error" id=98c62f5e-0fda-4dc3-b59f-f6e8e4d9c7a2 url="https://www.youtube.com/watch?v=-fZM9wOvbh0" err="WARNING: Your yt-dlp version (2026.03.17) is older than 90 days!"
time=2026-06-29T12:10:43.033+02:00 level=ERROR msg="yt-dlp process error" id=98c62f5e-0fda-4dc3-b59f-f6e8e4d9c7a2 url="https://www.youtube.com/watch?v=-fZM9wOvbh0" err="         It is strongly recommended to always use the latest version."
time=2026-06-29T12:10:43.033+02:00 level=ERROR msg="yt-dlp process error" id=98c62f5e-0fda-4dc3-b59f-f6e8e4d9c7a2 url="https://www.youtube.com/watch?v=-fZM9wOvbh0" err="         As yt-dlp has been installed via apt, you should use that to update.  If you're on a stable release, also check backports.."
time=2026-06-29T12:10:43.033+02:00 level=ERROR msg="yt-dlp process error" id=98c62f5e-0fda-4dc3-b59f-f6e8e4d9c7a2 url="https://www.youtube.com/watch?v=-fZM9wOvbh0" err="         To suppress this warning, add --no-update to your command/config."
time=2026-06-29T12:10:44.859+02:00 level=INFO msg="metadata worker started" id=98c62f5e-0fda-4dc3-b59f-f6e8e4d9c7a2
time=2026-06-29T12:10:44.859+02:00 level=INFO msg="metadata worker started" id=98c62f5e-0fda-4dc3-b59f-f6e8e4d9c7a2
time=2026-06-29T12:10:44.860+02:00 level=INFO msg="retrieving metadata" url="https://www.youtube.com/watch?v=-fZM9wOvbh0"
time=2026-06-29T12:10:45.115+02:00 level=INFO msg=progress id=cd696a78 url="https://www.youtube.com/watch?v=-fZM9wOvbh0" percentage=" 94.5%"
time=2026-06-29T12:10:45.115+02:00 level=INFO msg=progress id=cd696a78 url="https://www.youtube.com/watch?v=-fZM9wOvbh0" percentage=" 94.5%"
time=2026-06-29T12:10:45.135+02:00 level=INFO msg=progress id=cd696a78 url="https://www.youtube.com/watch?v=-fZM9wOvbh0" percentage=" 94.5%"
time=2026-06-29T12:10:45.153+02:00 level=INFO msg=progress id=cd696a78 url="https://www.youtube.com/watch?v=-fZM9wOvbh0" percentage=" 94.5%"
time=2026-06-29T12:10:45.172+02:00 level=INFO msg=progress id=cd696a78 url="https://www.youtube.com/watch?v=-fZM9wOvbh0" percentage=" 94.5%"
time=2026-06-29T12:10:45.196+02:00 level=INFO msg=progress id=cd696a78 url="https://www.youtube.com/watch?v=-fZM9wOvbh0" percentage=" 94.5%"
time=2026-06-29T12:10:45.229+02:00 level=INFO msg=progress id=cd696a78 url="https://www.youtube.com/watch?v=-fZM9wOvbh0" percentage=" 94.5%"
time=2026-06-29T12:10:45.234+02:00 level=INFO msg=progress id=98c62f5e url="https://www.youtube.com/watch?v=-fZM9wOvbh0" percentage=" 94.5%"
time=2026-06-29T12:10:45.263+02:00 level=INFO msg=progress id=cd696a78 url="https://www.youtube.com/watch?v=-fZM9wOvbh0" percentage=" 94.6%"
time=2026-06-29T12:10:45.274+02:00 level=INFO msg=progress id=98c62f5e url="https://www.youtube.com/watch?v=-fZM9wOvbh0" percentage=" 94.5%"
time=2026-06-29T12:10:45.305+02:00 level=INFO msg=progress id=cd696a78 url="https://www.youtube.com/watch?v=-fZM9wOvbh0" percentage=" 94.6%"
time=2026-06-29T12:10:45.348+02:00 level=INFO msg=progress id=cd696a78 url="https://www.youtube.com/watch?v=-fZM9wOvbh0" percentage=" 94.7%"
time=2026-06-29T12:10:45.354+02:00 level=INFO msg=progress id=98c62f5e url="https://www.youtube.com/watch?v=-fZM9wOvbh0" percentage=" 94.5%"
time=2026-06-29T12:10:45.394+02:00 level=INFO msg=progress id=cd696a78 url="https://www.youtube.com/watch?v=-fZM9wOvbh0" percentage=" 95.0%"
time=2026-06-29T12:10:45.407+02:00 level=INFO msg=progress id=cd696a78 url="https://www.youtube.com/watch?v=-fZM9wOvbh0" percentage=" 95.0%"
time=2026-06-29T12:10:45.428+02:00 level=INFO msg=progress id=cd696a78 url="https://www.youtube.com/watch?v=-fZM9wOvbh0" percentage=" 95.0%"
time=2026-06-29T12:10:45.428+02:00 level=INFO msg=progress id=cd696a78 url="https://www.youtube.com/watch?v=-fZM9wOvbh0" percentage=" 95.0%"
time=2026-06-29T12:10:45.428+02:00 level=INFO msg=progress id=cd696a78 url="https://www.youtube.com/watch?v=-fZM9wOvbh0" percentage=" 95.0%"
time=2026-06-29T12:10:45.429+02:00 level=INFO msg=progress id=cd696a78 url="https://www.youtube.com/watch?v=-fZM9wOvbh0" percentage=" 95.0%"
time=2026-06-29T12:10:45.429+02:00 level=INFO msg=progress id=cd696a78 url="https://www.youtube.com/watch?v=-fZM9wOvbh0" percentage=" 95.0%"
time=2026-06-29T12:10:45.429+02:00 level=INFO msg=progress id=cd696a78 url="https://www.youtube.com/watch?v=-fZM9wOvbh0" percentage=" 95.0%"
time=2026-06-29T12:10:45.429+02:00 level=INFO msg=progress id=cd696a78 url="https://www.youtube.com/watch?v=-fZM9wOvbh0" percentage=" 95.0%"
time=2026-06-29T12:10:45.430+02:00 level=INFO msg=progress id=cd696a78 url="https://www.youtube.com/watch?v=-fZM9wOvbh0" percentage=" 95.1%"
time=2026-06-29T12:10:45.433+02:00 level=INFO msg=progress id=cd696a78 url="https://www.youtube.com/watch?v=-fZM9wOvbh0" percentage=" 95.1%"
time=2026-06-29T12:10:45.437+02:00 level=INFO msg=progress id=cd696a78 url="https://www.youtube.com/watch?v=-fZM9wOvbh0" percentage=" 95.1%"
time=2026-06-29T12:10:45.446+02:00 level=INFO msg=progress id=cd696a78 url="https://www.youtube.com/watch?v=-fZM9wOvbh0" percentage=" 95.2%"
time=2026-06-29T12:10:45.475+02:00 level=INFO msg=progress id=cd696a78 url="https://www.youtube.com/watch?v=-fZM9wOvbh0" percentage=" 95.3%"
time=2026-06-29T12:10:45.504+02:00 level=INFO msg=progress id=cd696a78 url="https://www.youtube.com/watch?v=-fZM9wOvbh0" percentage=" 95.5%"
time=2026-06-29T12:10:45.514+02:00 level=INFO msg=progress id=98c62f5e url="https://www.youtube.com/watch?v=-fZM9wOvbh0" percentage=" 94.5%"
time=2026-06-29T12:10:45.525+02:00 level=INFO msg=progress id=cd696a78 url="https://www.youtube.com/watch?v=-fZM9wOvbh0" percentage=" 95.6%"
time=2026-06-29T12:10:45.549+02:00 level=INFO msg=progress id=cd696a78 url="https://www.youtube.com/watch?v=-fZM9wOvbh0" percentage=" 95.6%"
time=2026-06-29T12:10:45.551+02:00 level=INFO msg=progress id=cd696a78 url="https://www.youtube.com/watch?v=-fZM9wOvbh0" percentage=" 95.6%"
time=2026-06-29T12:10:45.556+02:00 level=INFO msg=progress id=cd696a78 url="https://www.youtube.com/watch?v=-fZM9wOvbh0" percentage=" 95.6%"
time=2026-06-29T12:10:45.565+02:00 level=INFO msg=progress id=cd696a78 url="https://www.youtube.com/watch?v=-fZM9wOvbh0" percentage=" 95.7%"
time=2026-06-29T12:10:45.583+02:00 level=INFO msg=progress id=cd696a78 url="https://www.youtube.com/watch?v=-fZM9wOvbh0" percentage=" 95.8%"
time=2026-06-29T12:10:45.619+02:00 level=INFO msg=progress id=cd696a78 url="https://www.youtube.com/watch?v=-fZM9wOvbh0" percentage=" 96.0%"
time=2026-06-29T12:10:45.633+02:00 level=INFO msg=progress id=cd696a78 url="https://www.youtube.com/watch?v=-fZM9wOvbh0" percentage=" 96.1%"
time=2026-06-29T12:10:45.687+02:00 level=INFO msg=progress id=cd696a78 url="https://www.youtube.com/watch?v=-fZM9wOvbh0" percentage=" 96.1%"
time=2026-06-29T12:10:45.687+02:00 level=INFO msg=progress id=cd696a78 url="https://www.youtube.com/watch?v=-fZM9wOvbh0" percentage=" 96.1%"
time=2026-06-29T12:10:45.689+02:00 level=INFO msg=progress id=cd696a78 url="https://www.youtube.com/watch?v=-fZM9wOvbh0" percentage=" 96.1%"
time=2026-06-29T12:10:45.691+02:00 level=INFO msg=progress id=cd696a78 url="https://www.youtube.com/watch?v=-fZM9wOvbh0" percentage=" 96.1%"
time=2026-06-29T12:10:45.696+02:00 level=INFO msg=progress id=cd696a78 url="https://www.youtube.com/watch?v=-fZM9wOvbh0" percentage=" 96.2%"
time=2026-06-29T12:10:45.705+02:00 level=INFO msg=progress id=cd696a78 url="https://www.youtube.com/watch?v=-fZM9wOvbh0" percentage=" 96.2%"
time=2026-06-29T12:10:45.723+02:00 level=INFO msg=progress id=cd696a78 url="https://www.youtube.com/watch?v=-fZM9wOvbh0" percentage=" 96.3%"
time=2026-06-29T12:10:45.759+02:00 level=INFO msg=progress id=cd696a78 url="https://www.youtube.com/watch?v=-fZM9wOvbh0" percentage=" 96.6%"
time=2026-06-29T12:10:45.772+02:00 level=INFO msg=progress id=cd696a78 url="https://www.youtube.com/watch?v=-fZM9wOvbh0" percentage=" 96.6%"
time=2026-06-29T12:10:45.829+02:00 level=INFO msg=progress id=cd696a78 url="https://www.youtube.com/watch?v=-fZM9wOvbh0" percentage=" 96.7%"
time=2026-06-29T12:10:45.831+02:00 level=INFO msg=progress id=cd696a78 url="https://www.youtube.com/watch?v=-fZM9wOvbh0" percentage=" 96.7%"
time=2026-06-29T12:10:45.834+02:00 level=INFO msg=progress id=98c62f5e url="https://www.youtube.com/watch?v=-fZM9wOvbh0" percentage=" 94.5%"
time=2026-06-29T12:10:45.835+02:00 level=INFO msg=progress id=cd696a78 url="https://www.youtube.com/watch?v=-fZM9wOvbh0" percentage=" 96.7%"
time=2026-06-29T12:10:45.844+02:00 level=INFO msg=progress id=cd696a78 url="https://www.youtube.com/watch?v=-fZM9wOvbh0" percentage=" 96.8%"
time=2026-06-29T12:10:45.864+02:00 level=INFO msg=progress id=cd696a78 url="https://www.youtube.com/watch?v=-fZM9wOvbh0" percentage=" 96.9%"
time=2026-06-29T12:10:45.899+02:00 level=INFO msg=progress id=cd696a78 url="https://www.youtube.com/watch?v=-fZM9wOvbh0" percentage=" 97.1%"
time=2026-06-29T12:10:45.915+02:00 level=INFO msg=progress id=cd696a78 url="https://www.youtube.com/watch?v=-fZM9wOvbh0" percentage=" 97.2%"
time=2026-06-29T12:10:45.969+02:00 level=INFO msg=progress id=cd696a78 url="https://www.youtube.com/watch?v=-fZM9wOvbh0" percentage=" 97.2%"
time=2026-06-29T12:10:45.969+02:00 level=INFO msg=progress id=cd696a78 url="https://www.youtube.com/watch?v=-fZM9wOvbh0" percentage=" 97.2%"
time=2026-06-29T12:10:45.969+02:00 level=INFO msg=progress id=cd696a78 url="https://www.youtube.com/watch?v=-fZM9wOvbh0" percentage=" 97.2%"
time=2026-06-29T12:10:45.969+02:00 level=INFO msg=progress id=cd696a78 url="https://www.youtube.com/watch?v=-fZM9wOvbh0" percentage=" 97.2%"
time=2026-06-29T12:10:45.970+02:00 level=INFO msg=progress id=cd696a78 url="https://www.youtube.com/watch?v=-fZM9wOvbh0" percentage=" 97.2%"
time=2026-06-29T12:10:45.970+02:00 level=INFO msg=progress id=cd696a78 url="https://www.youtube.com/watch?v=-fZM9wOvbh0" percentage=" 97.2%"
time=2026-06-29T12:10:45.970+02:00 level=INFO msg=progress id=cd696a78 url="https://www.youtube.com/watch?v=-fZM9wOvbh0" percentage=" 97.2%"
time=2026-06-29T12:10:45.971+02:00 level=INFO msg=progress id=cd696a78 url="https://www.youtube.com/watch?v=-fZM9wOvbh0" percentage=" 97.2%"
time=2026-06-29T12:10:45.974+02:00 level=INFO msg=progress id=cd696a78 url="https://www.youtube.com/watch?v=-fZM9wOvbh0" percentage=" 97.2%"
time=2026-06-29T12:10:45.978+02:00 level=INFO msg=progress id=cd696a78 url="https://www.youtube.com/watch?v=-fZM9wOvbh0" percentage=" 97.2%"
time=2026-06-29T12:10:45.987+02:00 level=INFO msg=progress id=cd696a78 url="https://www.youtube.com/watch?v=-fZM9wOvbh0" percentage=" 97.3%"
time=2026-06-29T12:10:46.005+02:00 level=INFO msg=progress id=cd696a78 url="https://www.youtube.com/watch?v=-fZM9wOvbh0" percentage=" 97.4%"
time=2026-06-29T12:10:46.041+02:00 level=INFO msg=progress id=cd696a78 url="https://www.youtube.com/watch?v=-fZM9wOvbh0" percentage=" 97.6%"
time=2026-06-29T12:10:46.055+02:00 level=INFO msg=progress id=cd696a78 url="https://www.youtube.com/watch?v=-fZM9wOvbh0" percentage=" 97.7%"
time=2026-06-29T12:10:46.109+02:00 level=INFO msg=progress id=cd696a78 url="https://www.youtube.com/watch?v=-fZM9wOvbh0" percentage=" 97.7%"
time=2026-06-29T12:10:46.111+02:00 level=INFO msg=progress id=cd696a78 url="https://www.youtube.com/watch?v=-fZM9wOvbh0" percentage=" 97.7%"
time=2026-06-29T12:10:46.114+02:00 level=INFO msg=progress id=cd696a78 url="https://www.youtube.com/watch?v=-fZM9wOvbh0" percentage=" 97.7%"
time=2026-06-29T12:10:46.119+02:00 level=INFO msg=progress id=cd696a78 url="https://www.youtube.com/watch?v=-fZM9wOvbh0" percentage=" 97.8%"
